This is TeX, Version 3.141592 (Web2C 7.5.4) (format=tex 2008.10.15)  26 NOV 2008 10:02
**/home/mzaleski/my-gmacs/planner/planner/planner-el.texi
(/home/mzaleski/my-gmacs/planner/planner/planner-el.texi
(/usr/share/texmf/tex/texinfo/texinfo.tex
Loading texinfo [version 2005-01-30.17]: Basics,
\bindingoffset=\dimen16
\normaloffset=\dimen17
\pagewidth=\dimen18
\pageheight=\dimen19
\outerhsize=\dimen20
\outervsize=\dimen21
\cornerlong=\dimen22
\cornerthick=\dimen23
\topandbottommargin=\dimen24
\headlinebox=\box16
\footlinebox=\box17
\margin=\insert252
\EMsimple=\toks12
\groupbox=\box18
\groupinvalidhelp=\toks13
\mil=\dimen25
\exdentamount=\skip18
\inmarginspacing=\skip19
 pdf,
\tempnum=\count26
\lnkcount=\count27
\filename=\toks14
\filenamelength=\count28
\pgn=\count29
\toksA=\toks15
\toksB=\toks16
\toksC=\toks17
\toksD=\toks18
\boxA=\box19
\countA=\count30
 fonts,
\sffam=\fam8
\textleading=\dimen26
\fontdepth=\count31
 page headings,
\titlepagetopglue=\skip20
\titlepagebottomglue=\skip21
\evenheadline=\toks19
\oddheadline=\toks20
\evenfootline=\toks21
\oddfootline=\toks22

tables,
\tableindent=\dimen27
\itemindent=\dimen28
\itemmargin=\dimen29
\itemmax=\dimen30
\itemno=\count32
\multitableparskip=\skip22
\multitableparindent=\skip23
\multitablecolspace=\dimen31
\multitablelinespace=\skip24
\colcount=\count33
\everytab=\toks23
 conditionals,
\doignorecount=\count34
 indexing,
\secondaryindent=\skip25
\partialpage=\box20
\doublecolumnhsize=\dimen32
 sectioning,
\unnumberedno=\count35
\chapno=\count36
\secno=\count37
\subsecno=\count38
\subsubsecno=\count39
\appendixno=\count40
\absseclevel=\count41
\secbase=\count42
\chapheadingskip=\skip26
\secheadingskip=\skip27
\subsecheadingskip=\skip28
 toc,
\tocfile=\write0
\contentsrightmargin=\skip29
\savepageno=\count43
\lastnegativepageno=\count44
\tocindent=\dimen33
 environments,
\errorbox=\box21
\lispnarrowing=\skip30
\envskipamount=\skip31
\circthick=\dimen34
\cartouter=\dimen35
\cartinner=\dimen36
\normbskip=\skip32
\normpskip=\skip33
\normlskip=\skip34
\lskip=\skip35
\rskip=\skip36
\tabw=\dimen37
 defuns,
\defbodyindent=\skip37
\defargsindent=\skip38
\deflastargmargin=\skip39
\parencount=\count45
\brackcount=\count46
 macros,
\macscribble=\write1
\paramno=\count47
\macname=\toks24

cross references,
\auxfile=\write2
\savesfregister=\count48
 insertions,
\footnoteno=\count49
\SAVEfootins=\box22
\SAVEmargin=\box23
 (/usr/share/texmf/tex/generic/epsf/epsf.tex
\epsffilein=\read0
\epsfframemargin=\dimen38
\epsfframethickness=\dimen39
\epsfrsize=\dimen40
\epsftmp=\dimen41
\epsftsize=\dimen42
\epsfxsize=\dimen43
\epsfysize=\dimen44
\pspoints=\dimen45
\epsfnoopenhelp=\toks25
)
\noepsfhelp=\toks26

localization,
\nolanghelp=\toks27
\defaultparindent=\dimen46
 and turning on texinfo input format.)
\openout2 = `planner-el.aux'.

@cpindfile=@write3
@fnindfile=@write4
@vrindfile=@write5
@tpindfile=@write6
@kyindfile=@write7
@pgindfile=@write8
 [1
\openout3 = `planner-el.cp'.

\openout4 = `planner-el.fn'.

\openout5 = `planner-el.vr'.

\openout6 = `planner-el.tp'.

\openout7 = `planner-el.ky'.

\openout8 = `planner-el.pg'.

]
\openout1 = `planner-el.tmp'.

 (./planner-el.tmp)
[2] [-1] Chapter 1
\openout0 = `planner-el.toc'.

 Cross reference values unknown; you must run TeX again.
Chapter 2 [1] Chapter 3 [2]
Overfull \hbox (23.4423pt too wide) in paragraph at lines 353--357
 []@textrm Download and un-pack ei-ther @texttt http://mwolson.org/static/dist/
planner-latest.tar.gz[]|

@hbox(7.60416+2.43333)x433.62, glue set - 1.0
.@glue(@leftskip) 21.68121
.@hbox(7.05666+0.0)x0.0, glue set - 15.74411fil
..@glue 0.0 plus 1.0fil minus 1.0fil
..@textrm 1
..@textrm .
..@kern 7.22743
.@textrm D
.@textrm o
.@kern-0.30418
.etc.


Underfull \hbox (badness 10000) in paragraph at lines 358--362
 []@textrm Likewise for @texttt http://mwolson.org/static/dist/muse-latest.tar.
gz[] @textrm or

@hbox(7.60416+2.43333)x433.62, glue set 10.24052
.@glue(@leftskip) 21.68121
.@hbox(7.05666+0.0)x0.0, glue set - 15.74411fil
..@glue 0.0 plus 1.0fil minus 1.0fil
..@textrm 2
..@textrm .
..@kern 7.22743
.@textrm L
.@textrm i
.@textrm k
.etc.


Underfull \hbox (badness 10000) in paragraph at lines 363--367
 []@textrm Likewise for @texttt http://mwolson.org/static/dist/remember-latest.
tar.gz[] @textrm or

@hbox(7.60416+2.43333)x433.62, glue set 6.04056
.@glue(@leftskip) 21.68121
.@hbox(7.05666+0.0)x0.0, glue set - 15.74411fil
..@glue 0.0 plus 1.0fil minus 1.0fil
..@textrm 3
..@textrm .
..@kern 7.22743
.@textrm L
.@textrm i
.@textrm k
.etc.


Overfull \hbox (201.90698pt too wide) in paragraph at lines 404--406
[]@textrm If you are new to git, you might find this tu-to-rial help-ful: @text
tt http://www.kernel.org/pub/software/scm/git/docs/tutorial.html[]@textrm . |

@hbox(7.60416+2.43333)x433.62, glue set - 1.0
.@hbox(0.0+0.0)x15.0
.@textrm I
.@textrm f
.@glue 3.65 plus 1.825 minus 1.21666
.@textrm y
.etc.

[3]
Overfull \hbox (53.5361pt too wide) in paragraph at lines 440--442
[]@textrm You can also browse Plan-ner's git repos-i-tory on the web at @texttt
 http://repo.or.cz/w/planner-el.git[]@textrm . |

@hbox(7.60416+2.43333)x433.62, glue set - 1.0
.@hbox(0.0+0.0)x15.0
.@textrm Y
.@kern-0.91252
.@textrm o
.@textrm u
.etc.

[4]
Underfull \hbox (badness 3199) in paragraph at lines 492--494
[]@textrm If you wish to try ex-per-i-men-tal pack-ages, add the fol-low-ing li
nes to your

@hbox(7.60416+2.12917)x433.62, glue set 3.1753
.@hbox(0.0+0.0)x15.0
.@textrm I
.@textrm f
.@glue 3.65 plus 1.825 minus 1.21666
.@textrm y
.etc.

[5] [6]
Underfull \hbox (badness 2205) in paragraph at lines 652--661
 @textrm Ba-si-cally, all you need to do is (1) change the di-rec-tory for each
 project

@hbox(8.2125+2.73749)x433.62, glue set 2.80527
.@glue(@leftskip) 21.68121
.@textrm B
.@textrm a
.@discretionary
..@textrm -
.@textrm s
.etc.


Underfull \hbox (badness 3078) in paragraph at lines 652--661
 @textrm listed in `@texttt scripts/planner-build.el[]@textrm '[], (2) copy `@t
exttt Makefile.defs.default[]@textrm '[] to

@hbox(8.2125+2.73749)x433.62, glue set 3.13676
.@glue(@leftskip) 21.68121
.@textrm l
.@textrm i
.@textrm s
.@textrm t
.etc.

Chapter 4 [7] [8] [9] [10] [11] [12] Chapter 5 [13] [14]
Overfull \hbox (43.6852pt too wide) in paragraph at lines 1168--1168
 []@texttt #B  _ Join http://mail.gna.org/listinfo/planner-el-discuss/ : Tasks 
(TaskPool)[] |

@hbox(7.60416+2.43333)x433.62
.@glue(@leftskip) 28.90755
.@hbox(0.0+0.0)x0.0
.@texttt #
.@texttt B
.@penalty 10000
.etc.


Underfull \hbox (badness 10000) in paragraph at lines 1180--1183
 []@textrm `@texttt Describe my current way of working and how I would like to 
work[]@textrm '[], for three

@hbox(7.60416+2.43333)x433.62, glue set 5.12816
.@glue(@leftskip) 21.68121
.@hbox(4.86667+0.0)x0.0, glue set - 12.70244fil
..@glue 0.0 plus 1.0fil minus 1.0fil
..@mathon
..@textsy ^^O
..@mathoff
..@kern 7.22743
.@textrm `
.@texttt D
.@texttt e
.etc.

[15] [16] [17] [18] [19]
Underfull \hbox (badness 2103) in paragraph at lines 1484--1486
 [][] @textrm (@texttt planner-raise-task-priority[]@textrm ) and [] (@texttt p
lanner-lower-task-

@hbox(8.2125+2.73749)x433.62, glue set 2.76295
.@glue(@leftskip) 43.36243
.@hbox(4.86667+0.0)x0.0, glue set - 12.70244fil
..@glue 0.0 plus 1.0fil minus 1.0fil
..@mathon
..@textsy ^^O
..@mathoff
..@kern 7.22743
.@hbox(7.15+1.85)x30.31586
..@hbox(6.75+2.25)x3.5972, shifted -0.4
...@mathon
...@keysy h
...@mathoff
..@kern -0.68002
..@vbox(7.15+1.85)x24.31146
...@vbox(7.15+1.85)x24.31146 []
...@kern -0.4
...@rule(0.4+0.0)x*
..@kern -0.50998
..@hbox(6.75+2.25)x3.5972, shifted -0.4
...@mathon
...@keysy i
...@mathoff
.@glue 3.65 plus 1.825 minus 1.21666
.@textrm (
.etc.

Chapter 6 [20] [21] [22] [23] [24] [25] [26] [27] [28] [29] [30] [31] [32]
[33]
Underfull \hbox (badness 4479) in paragraph at lines 2546--2552
[]@textrm The ag-gres-sive ver-sions of these func-tions (@texttt planner-rank-
calculate-rank-*-

@hbox(8.2125+2.73749)x433.62, glue set 3.55252
.@hbox(0.0+0.0)x15.0
.@textrm T
.@textrm h
.@textrm e
.@glue 3.65 plus 1.825 minus 1.21666
.etc.


Underfull \hbox (badness 7685) in paragraph at lines 2569--2574
[]@textrm If you are us-ing @texttt planner-sort-tasks[] @textrm (see see $@tex
tsy h$@textrm un-de-fined$@textsy i$ @textrm [Mak-ing Files

@hbox(8.2125+2.73749)x433.62, glue set 4.25348
.@hbox(0.0+0.0)x15.0
.@textrm I
.@textrm f
.@glue 3.65 plus 1.825 minus 1.21666
.@textrm y
.etc.


Underfull \hbox (badness 5667) in paragraph at lines 2569--2574
@textrm Pretty], page $@textsy h$@textrm un-de-fined$@textsy i$@textrm ), you c
an set @texttt planner-sort-tasks-key-function[] @textrm to

@hbox(8.2125+2.73749)x433.62, glue set 3.84236
.@textrm P
.@textrm r
.@textrm e
.@textrm t
.@textrm t
.etc.


Underfull \hbox (badness 10000) in paragraph at lines 2569--2574
@textrm one of @texttt planner-sort-tasks-by-rank[]@textrm , @texttt planner-so
rt-tasks-by-importance[]@textrm , and

@hbox(7.60416+2.43333)x433.62, glue set 4.45972
.@textrm o
.@textrm n
.@textrm e
.@glue 3.65 plus 1.825 minus 1.21666
.@textrm o
.etc.

[34] [35]
Overfull \hbox (34.12415pt too wide) in paragraph at lines 2677--2680
@textrm In this case, you would set @texttt planner-trunk-rule-list[] @textrm t
o @texttt (("." nil ("PlannerMode\\|MuseMode"|

@hbox(7.60416+2.43333)x433.62, glue set - 1.0
.@textrm I
.@textrm n
.@glue 3.65 plus 1.825 minus 1.21666
.@textrm t
.@textrm h
.etc.

[36]
Underfull \hbox (badness 4072) in paragraph at lines 2787--2789
 []@textrm Automatically call @texttt planner-accomplishments-update[] @textrm 
when sav-ing tasks in

@hbox(7.60416+2.43333)x433.62, glue set 3.44353
.@glue(@leftskip) 28.90755
.@hbox(0.0+0.0)x0.0
.@textrm A
.@textrm u
.@textrm t
.etc.

[37] [38] [39] [40] [41] [42] [43]
Underfull \hbox (badness 10000) in paragraph at lines 3354--3359
[]@texttt planner-notes-index[] planner-notes-index-days[] planner-notes-index-
weeks[]

@hbox(6.69167+2.43333)x433.62, glue set 5.59158
.@hbox(0.0+0.0)x15.0
.@texttt p
.@texttt l
.@texttt a
.@texttt n
.etc.

[44] [45] [46] [47] [48] [49] [50] [51] [52]
Overfull \hbox (26.43913pt too wide) in paragraph at lines 3998--3998
 []   @texttt (muse-style-element :path (car (cddr (muse-project planner-projec
t))))))[] |

@hbox(7.60416+2.43333)x433.62
.@glue(@leftskip) 28.90755
.@hbox(0.0+0.0)x0.0
.@penalty 10000
.@glue 5.74869
.@penalty 10000
.etc.

[53]
Overfull \hbox (8.57837pt too wide) in paragraph at lines 4100--4107
[]@textrm The Perl file `@texttt this-week.pl[]@textrm '[] (@texttt http://www.
rainervolz.de/planner-rdf/this-week.pl[]@textrm )|

@hbox(8.2125+2.73749)x433.62, glue set - 1.0
.@hbox(0.0+0.0)x15.0
.@textrm T
.@textrm h
.@textrm e
.@glue 3.65 plus 1.825 minus 1.21666
.etc.


Overfull \hbox (44.58047pt too wide) in paragraph at lines 4125--4129
 []@textrm Use `@texttt planner2protege.pl[]@textrm '[] (@texttt http://www.rai
nervolz.de/planner-rdf/planner2protege.pl[]@textrm )|

@hbox(8.2125+2.73749)x433.62, glue set - 1.0
.@glue(@leftskip) 21.68121
.@hbox(4.86667+0.0)x0.0, glue set - 12.70244fil
..@glue 0.0 plus 1.0fil minus 1.0fil
..@mathon
..@textsy ^^O
..@mathoff
..@kern 7.22743
.@textrm U
.@textrm s
.@textrm e
.etc.

[54] Chapter 7 [55] [56] [57] [58] [59] [60] [61] [62]
Underfull \hbox (badness 2253) in paragraph at lines 4923--4930
@textrm as the sched-ule sec-tion spec-i-fied in @texttt planner-appt-schedule-
section[] @textrm (by de-fault

@hbox(8.2125+2.73749)x433.62, glue set 2.8272
.@textrm a
.@textrm s
.@glue 3.65 plus 1.825 minus 1.21666
.@textrm t
.@textrm h
.etc.

[63] [64] [65]
Underfull \hbox (badness 3826) in paragraph at lines 5127--5130
[]@textrm If you use @texttt timeclock[] @textrm a lot, you may also be in-ter-
ested in Dry-ice Liu's

@hbox(7.60416+2.12917)x433.62, glue set 3.37341
.@hbox(0.0+0.0)x15.0
.@textrm I
.@textrm f
.@glue 3.65 plus 1.825 minus 1.21666
.@textrm y
.etc.


Overfull \hbox (55.18257pt too wide) in paragraph at lines 5137--5137
 []                      @texttt |  0:18:11|  5.3%| Merge planner-timeclock-sum
mary-proj.el[] |

@hbox(7.60416+2.43333)x433.62
.@glue(@leftskip) 28.90755
.@hbox(0.0+0.0)x0.0
.@penalty 10000
.@glue 5.74869
.@penalty 10000
.etc.


Overfull \hbox (32.18782pt too wide) in paragraph at lines 5142--5142
 []@texttt ChristmasLetter       |  1:46:37| 30.8%| Write and send my Christmas
 letters[] |

@hbox(7.60416+2.43333)x433.62
.@glue(@leftskip) 28.90755
.@hbox(0.0+0.0)x0.0
.@texttt C
.@texttt h
.@texttt r
.etc.


Overfull \hbox (43.6852pt too wide) in paragraph at lines 5144--5144
 []@texttt LinuxPeople           |  0:10:29|  3.0%| Send questions for Linux in
 Education[] |

@hbox(7.60416+2.43333)x433.62
.@glue(@leftskip) 28.90755
.@hbox(0.0+0.0)x0.0
.@texttt L
.@texttt i
.@texttt n
.etc.

[66] [67]
Overfull \hbox (4.62096pt too wide) in paragraph at lines 5322--5325
@textrm count-ing pro-gram, which can be found at @texttt http://newartisans.co
m/johnw/ledger.tar.gz[]@textrm . |

@hbox(7.60416+2.43333)x433.62, glue set - 1.0
.@textrm c
.@textrm o
.@textrm u
.@textrm n
.@kern-0.30418
.etc.

[68] [69] [70] [71]
Overfull \hbox (33.55121pt too wide) in paragraph at lines 5613--5615
[]@textrm These hy-per-links are of the form `@texttt psvn://http://my.svn-repo
s.at/svn/project1/trunk@39[]@textrm '[] |

@hbox(7.60416+2.43333)x433.62, glue set - 1.0
.@hbox(0.0+0.0)x15.0
.@textrm T
.@textrm h
.@textrm e
.@textrm s
.etc.


Overfull \hbox (66.49066pt too wide) in paragraph at lines 5635--5637
[]@textrm XTLA URLs are of the form `@texttt xtla://miles@gnu.org--gnu-2005/ema
cs--cvs-trunk--0--patch-19[]@textrm '[] |

@hbox(7.60416+2.43333)x433.62, glue set - 1.0
.@hbox(0.0+0.0)x15.0
.@textrm X
.@textrm T
.@textrm L
.@textrm A
.etc.

Chapter 8 [72] [73] [74] Chapter 9 [75]
Overfull \hbox (20.69044pt too wide) in paragraph at lines 5950--5950
 []@texttt JapanProject|  0:23:17|  3.6%| Translate javadoc comment for Message
s.java[] |

@hbox(7.60416+2.43333)x433.62
.@glue(@leftskip) 28.90755
.@hbox(0.0+0.0)x0.0
.@texttt J
.@texttt a
.@texttt p
.etc.


Overfull \hbox (37.93651pt too wide) in paragraph at lines 5951--5951
 []            @texttt |  0:33:48|  5.3%| Translate javadoc comment for LoginAc
tion.java[] |

@hbox(7.60416+2.43333)x433.62
.@glue(@leftskip) 28.90755
.@hbox(0.0+0.0)x0.0
.@penalty 10000
.@glue 5.74869
.@penalty 10000
.etc.


Overfull \hbox (43.6852pt too wide) in paragraph at lines 5953--5953
 []            @texttt |  0:46:08|  7.2%| Add javadoc tags for input, output an
d forwards[] |

@hbox(7.60416+2.43333)x433.62
.@glue(@leftskip) 28.90755
.@hbox(0.0+0.0)x0.0
.@penalty 10000
.@glue 5.74869
.@penalty 10000
.etc.


Overfull \hbox (101.17207pt too wide) in paragraph at lines 5956--5956
 []            @texttt |  0:00:37|  0.1%| 2min       Fix Menu Action's unnecess
ary code - delegated[] |

@hbox(7.60416+2.43333)x433.62
.@glue(@leftskip) 28.90755
.@hbox(0.0+0.0)x0.0
.@penalty 10000
.@glue 5.74869
.@penalty 10000
.etc.


Overfull \hbox (181.6537pt too wide) in paragraph at lines 5957--5957
 []            @texttt |  0:01:01|  0.2%| 2min       Remove unnecessary list in
 UserRemoveSetupAction - cancelled[] |

@hbox(7.60416+2.43333)x433.62
.@glue(@leftskip) 28.90755
.@hbox(0.0+0.0)x0.0
.@penalty 10000
.@glue 5.74869
.@penalty 10000
.etc.


Overfull \hbox (106.92076pt too wide) in paragraph at lines 5958--5958
 []            @texttt |  0:02:10|  0.3%| 2min       Remove hard-coded database
 path from MenuAction[] |

@hbox(7.60416+2.43333)x433.62
.@glue(@leftskip) 28.90755
.@hbox(0.0+0.0)x0.0
.@penalty 10000
.@glue 5.74869
.@penalty 10000
.etc.


Overfull \hbox (773.76854pt too wide) in paragraph at lines 5959--5959
 []            @texttt |  0:02:46|  0.4%| 30min      Create a superclass for ou
r action classes that handles initialization of database and handling of privil
eges - remove all privilege handling in logic classes. ...[] |

@hbox(7.60416+2.43333)x433.62
.@glue(@leftskip) 28.90755
.@hbox(0.0+0.0)x0.0
.@penalty 10000
.@glue 5.74869
.@penalty 10000
.etc.


Overfull \hbox (193.15108pt too wide) in paragraph at lines 5960--5960
 []            @texttt |  0:07:32|  1.2%| 5min       Add a method that returns 
the validity of a user in MUserPeer.[] |

@hbox(7.60416+2.43333)x433.62
.@glue(@leftskip) 28.90755
.@hbox(0.0+0.0)x0.0
.@penalty 10000
.@glue 5.74869
.@penalty 10000
.etc.


Overfull \hbox (175.90501pt too wide) in paragraph at lines 5962--5962
 []            @texttt |  0:03:52|  0.6%| 10min      Fix UserPeer so that it do
esn't get null pointer exceptions[] |

@hbox(7.60416+2.43333)x433.62
.@glue(@leftskip) 28.90755
.@hbox(0.0+0.0)x0.0
.@penalty 10000
.@glue 5.74869
.@penalty 10000
.etc.


Overfull \hbox (101.17207pt too wide) in paragraph at lines 5963--5963
 []            @texttt |  0:04:34|  0.7%| 5min       Add current password field
 in user_modify page[] |

@hbox(7.60416+2.43333)x433.62
.@glue(@leftskip) 28.90755
.@hbox(0.0+0.0)x0.0
.@penalty 10000
.@glue 5.74869
.@penalty 10000
.etc.


Overfull \hbox (394.35515pt too wide) in paragraph at lines 5964--5964
 []            @texttt |  0:21:56|  3.4%| 15min      Make a super class for our
 service classes that will receive the database connection. (cancelled)[] |

@hbox(7.60416+2.43333)x433.62
.@glue(@leftskip) 28.90755
.@hbox(0.0+0.0)x0.0
.@penalty 10000
.@glue 5.74869
.@penalty 10000
.etc.


Overfull \hbox (124.16682pt too wide) in paragraph at lines 5965--5965
 []            @texttt |  0:06:05|  0.9%| 10min      Remove hard-coded constant
s from the Logic classes[] |

@hbox(7.60416+2.43333)x433.62
.@glue(@leftskip) 28.90755
.@hbox(0.0+0.0)x0.0
.@penalty 10000
.@glue 5.74869
.@penalty 10000
.etc.


Overfull \hbox (152.91026pt too wide) in paragraph at lines 5966--5966
 []            @texttt |  0:10:55|  1.7%| 10min      Move logic from UserBean.c
heckPassword to UserListLogic[] |

@hbox(7.60416+2.43333)x433.62
.@glue(@leftskip) 28.90755
.@hbox(0.0+0.0)x0.0
.@penalty 10000
.@glue 5.74869
.@penalty 10000
.etc.


Overfull \hbox (141.41289pt too wide) in paragraph at lines 5967--5967
 []            @texttt |  0:01:20|  0.2%| 20min      Guard against null pointer
 exceptions in peer classes[] |

@hbox(7.60416+2.43333)x433.62
.@glue(@leftskip) 28.90755
.@hbox(0.0+0.0)x0.0
.@penalty 10000
.@glue 5.74869
.@penalty 10000
.etc.


Overfull \hbox (348.36565pt too wide) in paragraph at lines 5968--5968
 []            @texttt |  0:04:57|  0.8%| 10min      Instead of displaying uned
itable data with bean:write, just disable the html:text element[] |

@hbox(7.60416+2.43333)x433.62
.@glue(@leftskip) 28.90755
.@hbox(0.0+0.0)x0.0
.@penalty 10000
.@glue 5.74869
.@penalty 10000
.etc.


Overfull \hbox (423.09859pt too wide) in paragraph at lines 5970--5970
 []            @texttt |  0:04:46|  0.7%| 5min       Separate the configuration
 file of database and system into another uninternationalized property file.[] 
|

@hbox(7.60416+2.43333)x433.62
.@glue(@leftskip) 28.90755
.@hbox(0.0+0.0)x0.0
.@penalty 10000
.@glue 5.74869
.@penalty 10000
.etc.

[76]
Overfull \hbox (233.39189pt too wide) in paragraph at lines 5971--5971
 []            @texttt |  2:09:48| 20.2%| 1h         Decide on a naming convent
ion for localized messages and update files[] |

@hbox(7.60416+2.43333)x433.62
.@glue(@leftskip) 28.90755
.@hbox(0.0+0.0)x0.0
.@penalty 10000
.@glue 5.74869
.@penalty 10000
.etc.


Overfull \hbox (227.6432pt too wide) in paragraph at lines 5972--5972
 []            @texttt |  0:00:07|  0.0%| 20min      Explain what is happening 
in UserModifyAction's nested ifs - pending[] |

@hbox(7.60416+2.43333)x433.62
.@glue(@leftskip) 28.90755
.@hbox(0.0+0.0)x0.0
.@penalty 10000
.@glue 5.74869
.@penalty 10000
.etc.


Overfull \hbox (250.63795pt too wide) in paragraph at lines 5973--5973
 []            @texttt |  1:50:23| 17.2%| 2h         Write Javadoc comments in 
English and Japanese to explain bean structure[] |

@hbox(7.60416+2.43333)x433.62
.@glue(@leftskip) 28.90755
.@hbox(0.0+0.0)x0.0
.@penalty 10000
.@glue 5.74869
.@penalty 10000
.etc.


Overfull \hbox (313.87352pt too wide) in paragraph at lines 5974--5974
 []            @texttt |  0:04:19|  0.7%| 2h         Write Javadoc comments in 
English and Japanese to explain peer operations (pending)[] |

@hbox(7.60416+2.43333)x433.62
.@glue(@leftskip) 28.90755
.@hbox(0.0+0.0)x0.0
.@penalty 10000
.@glue 5.74869
.@penalty 10000
.etc.


Overfull \hbox (106.92076pt too wide) in paragraph at lines 5975--5975
 []            @texttt |  0:05:40|  0.9%| 20min      Make a factory class for t
he database - pending[] |

@hbox(7.60416+2.43333)x433.62
.@glue(@leftskip) 28.90755
.@hbox(0.0+0.0)x0.0
.@penalty 10000
.@glue 5.74869
.@penalty 10000
.etc.

[77] [78] [79] [80] [81] Chapter 10 [82]
Overfull \hbox (21.23254pt too wide) in paragraph at lines 6417--6420
[]@textrm Planner has an of-fi-cial web-site at @texttt http://www.emacswiki.or
g/cgi-bin/wiki/PlannerMode[]@textrm .|

@hbox(7.60416+2.43333)x433.62, glue set - 1.0
.@hbox(0.0+0.0)x15.0
.@textrm P
.@textrm l
.@textrm a
.@textrm n
.etc.


Overfull \hbox (60.65343pt too wide) in paragraph at lines 6421--6423
[]@textrm Bugs may be re-ported us-ing the Plan-ner Bug-Tracker at @texttt http
://gna.org/bugs/?group=planner-el[]@textrm . |

@hbox(7.60416+2.43333)x433.62, glue set - 1.0
.@hbox(0.0+0.0)x15.0
.@textrm B
.@textrm u
.@textrm g
.@textrm s
.etc.


Underfull \hbox (badness 6575) in paragraph at lines 6441--6446
 @textrm This mail-ing list is also avail-able via Gmane with the iden-ti-fier

@hbox(7.60416+2.12917)x433.62, glue set 4.03947
.@glue(@leftskip) 57.81621
.@textrm T
.@textrm h
.@textrm i
.@textrm s
.etc.


Underfull \hbox (badness 2875) in paragraph at lines 6450--6455
 []@textrm You can join this mail-ing list (@texttt planner-el-logs@gna.org[]@t
extrm ) us-ing the

@hbox(8.2125+2.73749)x433.62, glue set 3.06715
.@glue(@leftskip) 57.81621
.@hbox(0.0+0.0)x0.0
.@textrm Y
.@kern-0.91252
.@textrm o
.etc.


Underfull \hbox (badness 6575) in paragraph at lines 6450--6455
 @textrm This mail-ing list is also avail-able via Gmane with the iden-ti-fier

@hbox(7.60416+2.12917)x433.62, glue set 4.03947
.@glue(@leftskip) 57.81621
.@textrm T
.@textrm h
.@textrm i
.@textrm s
.etc.


Underfull \hbox (badness 4132) in paragraph at lines 6459--6464
 []@textrm You can join this mail-ing list (@texttt planner-el-cvs@gna.org[]@te
xtrm ) us-ing the

@hbox(8.2125+2.73749)x433.62, glue set 3.4609
.@glue(@leftskip) 57.81621
.@hbox(0.0+0.0)x0.0
.@textrm Y
.@kern-0.91252
.@textrm o
.etc.


Underfull \hbox (badness 4144) in paragraph at lines 6459--6464
 @textrm sub-scrip-tion form at @texttt http://mail.gna.org/listinfo/planner-el
-cvs/[]@textrm .

@hbox(7.60416+2.43333)x433.62, glue set 3.46266
.@glue(@leftskip) 57.81621
.@textrm s
.@textrm u
.@textrm b
.@discretionary
..@textrm -
.etc.


Underfull \hbox (badness 6575) in paragraph at lines 6459--6464
 @textrm This mail-ing list is also avail-able via Gmane with the iden-ti-fier

@hbox(7.60416+2.12917)x433.62, glue set 4.03947
.@glue(@leftskip) 57.81621
.@textrm T
.@textrm h
.@textrm i
.@textrm s
.etc.


Underfull \hbox (badness 4454) in paragraph at lines 6491--6493
[]@textrm For is-sues re-lat-ing to this doc-u-men-ta-tion, please con-tact Joh
n Sul-li-van at

@hbox(7.60416+2.12917)x433.62, glue set 3.54608
.@hbox(0.0+0.0)x15.0
.@textrm F
.@kern-0.91252
.@textrm o
.@textrm r
.etc.

Chapter 11 [83] [84] Appendix A [85] [86] [87] [88] [89] [90] [91] [92]
[93] [94] [95] (Index) [96] [97] ) 
Here is how much of TeX's memory you used:
 1511 strings out of 97980
 17078 string characters out of 1221040
 41880 words of memory out of 1000000
 2359 multiletter control sequences out of 10000+50000
 32127 words of font info for 112 fonts, out of 500000 for 2000
 51 hyphenation exceptions out of 1000
 12i,7n,12p,277b,441s stack positions out of 1500i,500n,5000p,200000b,5000s

Output written on planner-el.dvi (100 pages, 314244 bytes).
